<?xml version="1.0" encoding="UTF-8"?>
<testsuite name="StudentTest" tests="1" skipped="0" failures="0" errors="0" timestamp="2021-11-04T02:20:56" hostname="FIACHRAS-MBP.station" time="0.103">
  <properties/>
  <testcase name="addingAndRemovingCourse()" classname="StudentTest" time="0.103"/>
  <system-out><![CDATA[]]></system-out>
  <system-err><![CDATA[]]></system-err>
</testsuite>
